2020-08-20 17:31:25.218  INFO 66462 --- [restartedMain] com.jason.blog.BlogApplication           : Starting BlogApplication on Jiashis-MacBook-Pro.local with PID 66462 (/Users/jiashichen/IdeaProjects/blog-spring-boot/target/classes started by jiashichen in /Users/jiashichen/IdeaProjects/blog-spring-boot)
2020-08-20 17:31:25.222  INFO 66462 --- [restartedMain] com.jason.blog.BlogApplication           : The following profiles are active: pro
2020-08-20 17:31:26.618  WARN 66462 --- [restartedMain] JpaBaseConfiguration$JpaWebConfiguration : spring.jpa.open-in-view is enabled by default. Therefore, database queries may be performed during view rendering. Explicitly configure spring.jpa.open-in-view to disable this warning
2020-08-20 17:31:26.675  WARN 66462 --- [task-1] com.zaxxer.hikari.util.DriverDataSource  : Registered driver with driverClassName=com.mysql.jdbc.Driver was not found, trying direct instantiation.
2020-08-20 17:31:26.684  WARN 66462 --- [task-1] o.h.e.j.e.i.JdbcEnvironmentInitiator     : HHH000342: Could not obtain connection to query metadata : Driver com.mysql.jdbc.Driver claims to not accept jdbcUrl, mysql://:us-cdbr-east-02.cleardb.com/heroku_5f9db8904cf9616?reconnect=true
2020-08-20 17:31:27.130  WARN 66462 --- [restartedMain] ConfigServletWebServerApplicationContext : Exception encountered during context initialization - cancelling refresh attempt: org.springframework.beans.factory.BeanCreationException: Error creating bean with name 'typeRepository' defined in com.jason.blog.dao.TypeRepository defined in @EnableJpaRepositories declared on JpaRepositoriesRegistrar.EnableJpaRepositoriesConfiguration: Cannot resolve reference to bean 'jpaMappingContext' while setting bean property 'mappingContext'; nested exception is org.springframework.beans.factory.BeanCreationException: Error creating bean with name 'jpaMappingContext': Invocation of init method failed; nested exception is org.hibernate.service.spi.ServiceException: Unable to create requested service [org.hibernate.engine.jdbc.env.spi.JdbcEnvironment]
2020-08-20 17:31:27.131  WARN 66462 --- [restartedMain] o.s.b.f.support.DisposableBeanAdapter    : Invocation of destroy method failed on bean with name 'entityManagerFactory': org.hibernate.service.spi.ServiceException: Unable to create requested service [org.hibernate.engine.jdbc.env.spi.JdbcEnvironment]
2020-08-20 17:31:27.160 ERROR 66462 --- [restartedMain] o.s.boot.SpringApplication               : Application run failed

org.springframework.beans.factory.BeanCreationException: Error creating bean with name 'typeRepository' defined in com.jason.blog.dao.TypeRepository defined in @EnableJpaRepositories declared on JpaRepositoriesRegistrar.EnableJpaRepositoriesConfiguration: Cannot resolve reference to bean 'jpaMappingContext' while setting bean property 'mappingContext'; nested exception is org.springframework.beans.factory.BeanCreationException: Error creating bean with name 'jpaMappingContext': Invocation of init method failed; nested exception is org.hibernate.service.spi.ServiceException: Unable to create requested service [org.hibernate.engine.jdbc.env.spi.JdbcEnvironment]
	at org.springframework.beans.factory.support.BeanDefinitionValueResolver.resolveReference(BeanDefinitionValueResolver.java:342)
	at org.springframework.beans.factory.support.BeanDefinitionValueResolver.resolveValueIfNecessary(BeanDefinitionValueResolver.java:113)
	at org.springframework.beans.factory.support.AbstractAutowireCapableBeanFactory.applyPropertyValues(AbstractAutowireCapableBeanFactory.java:1699)
	at org.springframework.beans.factory.support.AbstractAutowireCapableBeanFactory.populateBean(AbstractAutowireCapableBeanFactory.java:1444)
	at org.springframework.beans.factory.support.AbstractAutowireCapableBeanFactory.doCreateBean(AbstractAutowireCapableBeanFactory.java:594)
	at org.springframework.beans.factory.support.AbstractAutowireCapableBeanFactory.createBean(AbstractAutowireCapableBeanFactory.java:517)
	at org.springframework.beans.factory.support.AbstractBeanFactory.lambda$doGetBean$0(AbstractBeanFactory.java:323)
	at org.springframework.beans.factory.support.DefaultSingletonBeanRegistry.getSingleton(DefaultSingletonBeanRegistry.java:226)
	at org.springframework.beans.factory.support.AbstractBeanFactory.doGetBean(AbstractBeanFactory.java:321)
	at org.springframework.beans.factory.support.AbstractBeanFactory.getBean(AbstractBeanFactory.java:202)
	at org.springframework.beans.factory.support.DefaultListableBeanFactory.getBeansOfType(DefaultListableBeanFactory.java:621)
	at org.springframework.beans.factory.support.DefaultListableBeanFactory.getBeansOfType(DefaultListableBeanFactory.java:609)
	at org.springframework.data.repository.config.DeferredRepositoryInitializationListener.onApplicationEvent(DeferredRepositoryInitializationListener.java:51)
	at org.springframework.data.repository.config.DeferredRepositoryInitializationListener.onApplicationEvent(DeferredRepositoryInitializationListener.java:36)
	at org.springframework.context.event.SimpleApplicationEventMulticaster.doInvokeListener(SimpleApplicationEventMulticaster.java:172)
	at org.springframework.context.event.SimpleApplicationEventMulticaster.invokeListener(SimpleApplicationEventMulticaster.java:165)
	at org.springframework.context.event.SimpleApplicationEventMulticaster.multicastEvent(SimpleApplicationEventMulticaster.java:139)
	at org.springframework.context.support.AbstractApplicationContext.publishEvent(AbstractApplicationContext.java:404)
	at org.springframework.context.support.AbstractApplicationContext.publishEvent(AbstractApplicationContext.java:361)
	at org.springframework.context.support.AbstractApplicationContext.finishRefresh(AbstractApplicationContext.java:898)
	at org.springframework.context.support.AbstractApplicationContext.refresh(AbstractApplicationContext.java:554)
	at org.springframework.boot.web.servlet.context.ServletWebServerApplicationContext.refresh(ServletWebServerApplicationContext.java:143)
	at org.springframework.boot.SpringApplication.refresh(SpringApplication.java:758)
	at org.springframework.boot.SpringApplication.refresh(SpringApplication.java:750)
	at org.springframework.boot.SpringApplication.refreshContext(SpringApplication.java:397)
	at org.springframework.boot.SpringApplication.run(SpringApplication.java:315)
	at org.springframework.boot.SpringApplication.run(SpringApplication.java:1237)
	at org.springframework.boot.SpringApplication.run(SpringApplication.java:1226)
	at com.jason.blog.BlogApplication.main(BlogApplication.java:10)
	at sun.reflect.NativeMethodAccessorImpl.invoke0(Native Method)
	at sun.reflect.NativeMethodAccessorImpl.invoke(NativeMethodAccessorImpl.java:62)
	at sun.reflect.DelegatingMethodAccessorImpl.invoke(DelegatingMethodAccessorImpl.java:43)
	at java.lang.reflect.Method.invoke(Method.java:498)
	at org.springframework.boot.devtools.restart.RestartLauncher.run(RestartLauncher.java:49)
Caused by: org.springframework.beans.factory.BeanCreationException: Error creating bean with name 'jpaMappingContext': Invocation of init method failed; nested exception is org.hibernate.service.spi.ServiceException: Unable to create requested service [org.hibernate.engine.jdbc.env.spi.JdbcEnvironment]
	at org.springframework.beans.factory.support.AbstractAutowireCapableBeanFactory.initializeBean(AbstractAutowireCapableBeanFactory.java:1796)
	at org.springframework.beans.factory.support.AbstractAutowireCapableBeanFactory.doCreateBean(AbstractAutowireCapableBeanFactory.java:595)
	at org.springframework.beans.factory.support.AbstractAutowireCapableBeanFactory.createBean(AbstractAutowireCapableBeanFactory.java:517)
	at org.springframework.beans.factory.support.AbstractBeanFactory.lambda$doGetBean$0(AbstractBeanFactory.java:323)
	at org.springframework.beans.factory.support.DefaultSingletonBeanRegistry.getSingleton(DefaultSingletonBeanRegistry.java:226)
	at org.springframework.beans.factory.support.AbstractBeanFactory.doGetBean(AbstractBeanFactory.java:321)
	at org.springframework.beans.factory.support.AbstractBeanFactory.getBean(AbstractBeanFactory.java:202)
	at org.springframework.beans.factory.support.BeanDefinitionValueResolver.resolveReference(BeanDefinitionValueResolver.java:330)
	... 33 common frames omitted
Caused by: org.hibernate.service.spi.ServiceException: Unable to create requested service [org.hibernate.engine.jdbc.env.spi.JdbcEnvironment]
	at org.hibernate.service.internal.AbstractServiceRegistryImpl.createService(AbstractServiceRegistryImpl.java:275)
	at org.hibernate.service.internal.AbstractServiceRegistryImpl.initializeService(AbstractServiceRegistryImpl.java:237)
	at org.hibernate.service.internal.AbstractServiceRegistryImpl.getService(AbstractServiceRegistryImpl.java:214)
	at org.hibernate.id.factory.internal.DefaultIdentifierGeneratorFactory.injectServices(DefaultIdentifierGeneratorFactory.java:152)
	at org.hibernate.service.internal.AbstractServiceRegistryImpl.injectDependencies(AbstractServiceRegistryImpl.java:286)
	at org.hibernate.service.internal.AbstractServiceRegistryImpl.initializeService(AbstractServiceRegistryImpl.java:243)
	at org.hibernate.service.internal.AbstractServiceRegistryImpl.getService(AbstractServiceRegistryImpl.java:214)
	at org.hibernate.boot.internal.InFlightMetadataCollectorImpl.<init>(InFlightMetadataCollectorImpl.java:176)
	at org.hibernate.boot.model.process.spi.MetadataBuildingProcess.complete(MetadataBuildingProcess.java:118)
	at org.hibernate.jpa.boot.internal.EntityManagerFactoryBuilderImpl.metadata(EntityManagerFactoryBuilderImpl.java:1224)
	at org.hibernate.jpa.boot.internal.EntityManagerFactoryBuilderImpl.build(EntityManagerFactoryBuilderImpl.java:1255)
	at org.springframework.orm.jpa.vendor.SpringHibernateJpaPersistenceProvider.createContainerEntityManagerFactory(SpringHibernateJpaPersistenceProvider.java:58)
	at org.springframework.orm.jpa.LocalContainerEntityManagerFactoryBean.createNativeEntityManagerFactory(LocalContainerEntityManagerFactoryBean.java:365)
	at org.springframework.orm.jpa.AbstractEntityManagerFactoryBean.buildNativeEntityManagerFactory(AbstractEntityManagerFactoryBean.java:391)
	at java.util.concurrent.FutureTask.run(FutureTask.java:266)
	at java.util.concurrent.ThreadPoolExecutor.runWorker(ThreadPoolExecutor.java:1149)
	at java.util.concurrent.ThreadPoolExecutor$Worker.run(ThreadPoolExecutor.java:624)
	at java.lang.Thread.run(Thread.java:748)
Caused by: org.hibernate.HibernateException: Access to DialectResolutionInfo cannot be null when 'hibernate.dialect' not set
	at org.hibernate.engine.jdbc.dialect.internal.DialectFactoryImpl.determineDialect(DialectFactoryImpl.java:100)
	at org.hibernate.engine.jdbc.dialect.internal.DialectFactoryImpl.buildDialect(DialectFactoryImpl.java:54)
	at org.hibernate.engine.jdbc.env.internal.JdbcEnvironmentInitiator.initiateService(JdbcEnvironmentInitiator.java:137)
	at org.hibernate.engine.jdbc.env.internal.JdbcEnvironmentInitiator.initiateService(JdbcEnvironmentInitiator.java:35)
	at org.hibernate.boot.registry.internal.StandardServiceRegistryImpl.initiateService(StandardServiceRegistryImpl.java:101)
	at org.hibernate.service.internal.AbstractServiceRegistryImpl.createService(AbstractServiceRegistryImpl.java:263)
	... 17 common frames omitted

2020-08-20 17:32:22.728  INFO 66467 --- [restartedMain] com.jason.blog.BlogApplication           : Starting BlogApplication on Jiashis-MacBook-Pro.local with PID 66467 (/Users/jiashichen/IdeaProjects/blog-spring-boot/target/classes started by jiashichen in /Users/jiashichen/IdeaProjects/blog-spring-boot)
2020-08-20 17:32:22.729  INFO 66467 --- [restartedMain] com.jason.blog.BlogApplication           : The following profiles are active: pro
2020-08-20 17:32:24.161  WARN 66467 --- [restartedMain] JpaBaseConfiguration$JpaWebConfiguration : spring.jpa.open-in-view is enabled by default. Therefore, database queries may be performed during view rendering. Explicitly configure spring.jpa.open-in-view to disable this warning
2020-08-20 17:32:24.214  WARN 66467 --- [task-1] com.zaxxer.hikari.util.DriverDataSource  : Registered driver with driverClassName=com.mysql.jdbc.Driver was not found, trying direct instantiation.
2020-08-20 17:32:24.223  WARN 66467 --- [task-1] o.h.e.j.e.i.JdbcEnvironmentInitiator     : HHH000342: Could not obtain connection to query metadata : Driver com.mysql.jdbc.Driver claims to not accept jdbcUrl, mysql://us-cdbr-east-02.cleardb.com/heroku_5f9db8904cf9616?reconnect=true
2020-08-20 17:32:24.773  WARN 66467 --- [restartedMain] ConfigServletWebServerApplicationContext : Exception encountered during context initialization - cancelling refresh attempt: org.springframework.beans.factory.BeanCreationException: Error creating bean with name 'blogRepository' defined in com.jason.blog.dao.BlogRepository defined in @EnableJpaRepositories declared on JpaRepositoriesRegistrar.EnableJpaRepositoriesConfiguration: Cannot resolve reference to bean 'jpaMappingContext' while setting bean property 'mappingContext'; nested exception is org.springframework.beans.factory.BeanCreationException: Error creating bean with name 'jpaMappingContext': Invocation of init method failed; nested exception is org.hibernate.service.spi.ServiceException: Unable to create requested service [org.hibernate.engine.jdbc.env.spi.JdbcEnvironment]
2020-08-20 17:32:24.774  WARN 66467 --- [restartedMain] o.s.b.f.support.DisposableBeanAdapter    : Invocation of destroy method failed on bean with name 'entityManagerFactory': org.hibernate.service.spi.ServiceException: Unable to create requested service [org.hibernate.engine.jdbc.env.spi.JdbcEnvironment]
2020-08-20 17:32:24.801 ERROR 66467 --- [restartedMain] o.s.boot.SpringApplication               : Application run failed

org.springframework.beans.factory.BeanCreationException: Error creating bean with name 'blogRepository' defined in com.jason.blog.dao.BlogRepository defined in @EnableJpaRepositories declared on JpaRepositoriesRegistrar.EnableJpaRepositoriesConfiguration: Cannot resolve reference to bean 'jpaMappingContext' while setting bean property 'mappingContext'; nested exception is org.springframework.beans.factory.BeanCreationException: Error creating bean with name 'jpaMappingContext': Invocation of init method failed; nested exception is org.hibernate.service.spi.ServiceException: Unable to create requested service [org.hibernate.engine.jdbc.env.spi.JdbcEnvironment]
	at org.springframework.beans.factory.support.BeanDefinitionValueResolver.resolveReference(BeanDefinitionValueResolver.java:342)
	at org.springframework.beans.factory.support.BeanDefinitionValueResolver.resolveValueIfNecessary(BeanDefinitionValueResolver.java:113)
	at org.springframework.beans.factory.support.AbstractAutowireCapableBeanFactory.applyPropertyValues(AbstractAutowireCapableBeanFactory.java:1699)
	at org.springframework.beans.factory.support.AbstractAutowireCapableBeanFactory.populateBean(AbstractAutowireCapableBeanFactory.java:1444)
	at org.springframework.beans.factory.support.AbstractAutowireCapableBeanFactory.doCreateBean(AbstractAutowireCapableBeanFactory.java:594)
	at org.springframework.beans.factory.support.AbstractAutowireCapableBeanFactory.createBean(AbstractAutowireCapableBeanFactory.java:517)
	at org.springframework.beans.factory.support.AbstractBeanFactory.lambda$doGetBean$0(AbstractBeanFactory.java:323)
	at org.springframework.beans.factory.support.DefaultSingletonBeanRegistry.getSingleton(DefaultSingletonBeanRegistry.java:226)
	at org.springframework.beans.factory.support.AbstractBeanFactory.doGetBean(AbstractBeanFactory.java:321)
	at org.springframework.beans.factory.support.AbstractBeanFactory.getBean(AbstractBeanFactory.java:202)
	at org.springframework.beans.factory.support.DefaultListableBeanFactory.getBeansOfType(DefaultListableBeanFactory.java:621)
	at org.springframework.beans.factory.support.DefaultListableBeanFactory.getBeansOfType(DefaultListableBeanFactory.java:609)
	at org.springframework.data.repository.config.DeferredRepositoryInitializationListener.onApplicationEvent(DeferredRepositoryInitializationListener.java:51)
	at org.springframework.data.repository.config.DeferredRepositoryInitializationListener.onApplicationEvent(DeferredRepositoryInitializationListener.java:36)
	at org.springframework.context.event.SimpleApplicationEventMulticaster.doInvokeListener(SimpleApplicationEventMulticaster.java:172)
	at org.springframework.context.event.SimpleApplicationEventMulticaster.invokeListener(SimpleApplicationEventMulticaster.java:165)
	at org.springframework.context.event.SimpleApplicationEventMulticaster.multicastEvent(SimpleApplicationEventMulticaster.java:139)
	at org.springframework.context.support.AbstractApplicationContext.publishEvent(AbstractApplicationContext.java:404)
	at org.springframework.context.support.AbstractApplicationContext.publishEvent(AbstractApplicationContext.java:361)
	at org.springframework.context.support.AbstractApplicationContext.finishRefresh(AbstractApplicationContext.java:898)
	at org.springframework.context.support.AbstractApplicationContext.refresh(AbstractApplicationContext.java:554)
	at org.springframework.boot.web.servlet.context.ServletWebServerApplicationContext.refresh(ServletWebServerApplicationContext.java:143)
	at org.springframework.boot.SpringApplication.refresh(SpringApplication.java:758)
	at org.springframework.boot.SpringApplication.refresh(SpringApplication.java:750)
	at org.springframework.boot.SpringApplication.refreshContext(SpringApplication.java:397)
	at org.springframework.boot.SpringApplication.run(SpringApplication.java:315)
	at org.springframework.boot.SpringApplication.run(SpringApplication.java:1237)
	at org.springframework.boot.SpringApplication.run(SpringApplication.java:1226)
	at com.jason.blog.BlogApplication.main(BlogApplication.java:10)
	at sun.reflect.NativeMethodAccessorImpl.invoke0(Native Method)
	at sun.reflect.NativeMethodAccessorImpl.invoke(NativeMethodAccessorImpl.java:62)
	at sun.reflect.DelegatingMethodAccessorImpl.invoke(DelegatingMethodAccessorImpl.java:43)
	at java.lang.reflect.Method.invoke(Method.java:498)
	at org.springframework.boot.devtools.restart.RestartLauncher.run(RestartLauncher.java:49)
Caused by: org.springframework.beans.factory.BeanCreationException: Error creating bean with name 'jpaMappingContext': Invocation of init method failed; nested exception is org.hibernate.service.spi.ServiceException: Unable to create requested service [org.hibernate.engine.jdbc.env.spi.JdbcEnvironment]
	at org.springframework.beans.factory.support.AbstractAutowireCapableBeanFactory.initializeBean(AbstractAutowireCapableBeanFactory.java:1796)
	at org.springframework.beans.factory.support.AbstractAutowireCapableBeanFactory.doCreateBean(AbstractAutowireCapableBeanFactory.java:595)
	at org.springframework.beans.factory.support.AbstractAutowireCapableBeanFactory.createBean(AbstractAutowireCapableBeanFactory.java:517)
	at org.springframework.beans.factory.support.AbstractBeanFactory.lambda$doGetBean$0(AbstractBeanFactory.java:323)
	at org.springframework.beans.factory.support.DefaultSingletonBeanRegistry.getSingleton(DefaultSingletonBeanRegistry.java:226)
	at org.springframework.beans.factory.support.AbstractBeanFactory.doGetBean(AbstractBeanFactory.java:321)
	at org.springframework.beans.factory.support.AbstractBeanFactory.getBean(AbstractBeanFactory.java:202)
	at org.springframework.beans.factory.support.BeanDefinitionValueResolver.resolveReference(BeanDefinitionValueResolver.java:330)
	... 33 common frames omitted
Caused by: org.hibernate.service.spi.ServiceException: Unable to create requested service [org.hibernate.engine.jdbc.env.spi.JdbcEnvironment]
	at org.hibernate.service.internal.AbstractServiceRegistryImpl.createService(AbstractServiceRegistryImpl.java:275)
	at org.hibernate.service.internal.AbstractServiceRegistryImpl.initializeService(AbstractServiceRegistryImpl.java:237)
	at org.hibernate.service.internal.AbstractServiceRegistryImpl.getService(AbstractServiceRegistryImpl.java:214)
	at org.hibernate.id.factory.internal.DefaultIdentifierGeneratorFactory.injectServices(DefaultIdentifierGeneratorFactory.java:152)
	at org.hibernate.service.internal.AbstractServiceRegistryImpl.injectDependencies(AbstractServiceRegistryImpl.java:286)
	at org.hibernate.service.internal.AbstractServiceRegistryImpl.initializeService(AbstractServiceRegistryImpl.java:243)
	at org.hibernate.service.internal.AbstractServiceRegistryImpl.getService(AbstractServiceRegistryImpl.java:214)
	at org.hibernate.boot.internal.InFlightMetadataCollectorImpl.<init>(InFlightMetadataCollectorImpl.java:176)
	at org.hibernate.boot.model.process.spi.MetadataBuildingProcess.complete(MetadataBuildingProcess.java:118)
	at org.hibernate.jpa.boot.internal.EntityManagerFactoryBuilderImpl.metadata(EntityManagerFactoryBuilderImpl.java:1224)
	at org.hibernate.jpa.boot.internal.EntityManagerFactoryBuilderImpl.build(EntityManagerFactoryBuilderImpl.java:1255)
	at org.springframework.orm.jpa.vendor.SpringHibernateJpaPersistenceProvider.createContainerEntityManagerFactory(SpringHibernateJpaPersistenceProvider.java:58)
	at org.springframework.orm.jpa.LocalContainerEntityManagerFactoryBean.createNativeEntityManagerFactory(LocalContainerEntityManagerFactoryBean.java:365)
	at org.springframework.orm.jpa.AbstractEntityManagerFactoryBean.buildNativeEntityManagerFactory(AbstractEntityManagerFactoryBean.java:391)
	at java.util.concurrent.FutureTask.run(FutureTask.java:266)
	at java.util.concurrent.ThreadPoolExecutor.runWorker(ThreadPoolExecutor.java:1149)
	at java.util.concurrent.ThreadPoolExecutor$Worker.run(ThreadPoolExecutor.java:624)
	at java.lang.Thread.run(Thread.java:748)
Caused by: org.hibernate.HibernateException: Access to DialectResolutionInfo cannot be null when 'hibernate.dialect' not set
	at org.hibernate.engine.jdbc.dialect.internal.DialectFactoryImpl.determineDialect(DialectFactoryImpl.java:100)
	at org.hibernate.engine.jdbc.dialect.internal.DialectFactoryImpl.buildDialect(DialectFactoryImpl.java:54)
	at org.hibernate.engine.jdbc.env.internal.JdbcEnvironmentInitiator.initiateService(JdbcEnvironmentInitiator.java:137)
	at org.hibernate.engine.jdbc.env.internal.JdbcEnvironmentInitiator.initiateService(JdbcEnvironmentInitiator.java:35)
	at org.hibernate.boot.registry.internal.StandardServiceRegistryImpl.initiateService(StandardServiceRegistryImpl.java:101)
	at org.hibernate.service.internal.AbstractServiceRegistryImpl.createService(AbstractServiceRegistryImpl.java:263)
	... 17 common frames omitted

2020-08-20 17:32:44.632  INFO 66472 --- [restartedMain] com.jason.blog.BlogApplication           : Starting BlogApplication on Jiashis-MacBook-Pro.local with PID 66472 (/Users/jiashichen/IdeaProjects/blog-spring-boot/target/classes started by jiashichen in /Users/jiashichen/IdeaProjects/blog-spring-boot)
2020-08-20 17:32:44.634  INFO 66472 --- [restartedMain] com.jason.blog.BlogApplication           : The following profiles are active: pro
2020-08-20 17:32:45.997  WARN 66472 --- [restartedMain] JpaBaseConfiguration$JpaWebConfiguration : spring.jpa.open-in-view is enabled by default. Therefore, database queries may be performed during view rendering. Explicitly configure spring.jpa.open-in-view to disable this warning
2020-08-20 17:32:46.047  WARN 66472 --- [task-1] com.zaxxer.hikari.util.DriverDataSource  : Registered driver with driverClassName=com.mysql.jdbc.Driver was not found, trying direct instantiation.
2020-08-20 17:32:46.056  WARN 66472 --- [task-1] o.h.e.j.e.i.JdbcEnvironmentInitiator     : HHH000342: Could not obtain connection to query metadata : Driver com.mysql.jdbc.Driver claims to not accept jdbcUrl, mysql://us-cdbr-east-02.cleardb.com/heroku_5f9db8904cf9616?reconnect=true
2020-08-20 17:32:46.526  WARN 66472 --- [restartedMain] ConfigServletWebServerApplicationContext : Exception encountered during context initialization - cancelling refresh attempt: org.springframework.beans.factory.BeanCreationException: Error creating bean with name 'userRepository' defined in com.jason.blog.dao.UserRepository defined in @EnableJpaRepositories declared on JpaRepositoriesRegistrar.EnableJpaRepositoriesConfiguration: Cannot resolve reference to bean 'jpaMappingContext' while setting bean property 'mappingContext'; nested exception is org.springframework.beans.factory.BeanCreationException: Error creating bean with name 'jpaMappingContext': Invocation of init method failed; nested exception is org.hibernate.service.spi.ServiceException: Unable to create requested service [org.hibernate.engine.jdbc.env.spi.JdbcEnvironment]
2020-08-20 17:32:46.527  WARN 66472 --- [restartedMain] o.s.b.f.support.DisposableBeanAdapter    : Invocation of destroy method failed on bean with name 'entityManagerFactory': org.hibernate.service.spi.ServiceException: Unable to create requested service [org.hibernate.engine.jdbc.env.spi.JdbcEnvironment]
2020-08-20 17:32:46.555 ERROR 66472 --- [restartedMain] o.s.boot.SpringApplication               : Application run failed

org.springframework.beans.factory.BeanCreationException: Error creating bean with name 'userRepository' defined in com.jason.blog.dao.UserRepository defined in @EnableJpaRepositories declared on JpaRepositoriesRegistrar.EnableJpaRepositoriesConfiguration: Cannot resolve reference to bean 'jpaMappingContext' while setting bean property 'mappingContext'; nested exception is org.springframework.beans.factory.BeanCreationException: Error creating bean with name 'jpaMappingContext': Invocation of init method failed; nested exception is org.hibernate.service.spi.ServiceException: Unable to create requested service [org.hibernate.engine.jdbc.env.spi.JdbcEnvironment]
	at org.springframework.beans.factory.support.BeanDefinitionValueResolver.resolveReference(BeanDefinitionValueResolver.java:342)
	at org.springframework.beans.factory.support.BeanDefinitionValueResolver.resolveValueIfNecessary(BeanDefinitionValueResolver.java:113)
	at org.springframework.beans.factory.support.AbstractAutowireCapableBeanFactory.applyPropertyValues(AbstractAutowireCapableBeanFactory.java:1699)
	at org.springframework.beans.factory.support.AbstractAutowireCapableBeanFactory.populateBean(AbstractAutowireCapableBeanFactory.java:1444)
	at org.springframework.beans.factory.support.AbstractAutowireCapableBeanFactory.doCreateBean(AbstractAutowireCapableBeanFactory.java:594)
	at org.springframework.beans.factory.support.AbstractAutowireCapableBeanFactory.createBean(AbstractAutowireCapableBeanFactory.java:517)
	at org.springframework.beans.factory.support.AbstractBeanFactory.lambda$doGetBean$0(AbstractBeanFactory.java:323)
	at org.springframework.beans.factory.support.DefaultSingletonBeanRegistry.getSingleton(DefaultSingletonBeanRegistry.java:226)
	at org.springframework.beans.factory.support.AbstractBeanFactory.doGetBean(AbstractBeanFactory.java:321)
	at org.springframework.beans.factory.support.AbstractBeanFactory.getBean(AbstractBeanFactory.java:202)
	at org.springframework.beans.factory.support.DefaultListableBeanFactory.getBeansOfType(DefaultListableBeanFactory.java:621)
	at org.springframework.beans.factory.support.DefaultListableBeanFactory.getBeansOfType(DefaultListableBeanFactory.java:609)
	at org.springframework.data.repository.config.DeferredRepositoryInitializationListener.onApplicationEvent(DeferredRepositoryInitializationListener.java:51)
	at org.springframework.data.repository.config.DeferredRepositoryInitializationListener.onApplicationEvent(DeferredRepositoryInitializationListener.java:36)
	at org.springframework.context.event.SimpleApplicationEventMulticaster.doInvokeListener(SimpleApplicationEventMulticaster.java:172)
	at org.springframework.context.event.SimpleApplicationEventMulticaster.invokeListener(SimpleApplicationEventMulticaster.java:165)
	at org.springframework.context.event.SimpleApplicationEventMulticaster.multicastEvent(SimpleApplicationEventMulticaster.java:139)
	at org.springframework.context.support.AbstractApplicationContext.publishEvent(AbstractApplicationContext.java:404)
	at org.springframework.context.support.AbstractApplicationContext.publishEvent(AbstractApplicationContext.java:361)
	at org.springframework.context.support.AbstractApplicationContext.finishRefresh(AbstractApplicationContext.java:898)
	at org.springframework.context.support.AbstractApplicationContext.refresh(AbstractApplicationContext.java:554)
	at org.springframework.boot.web.servlet.context.ServletWebServerApplicationContext.refresh(ServletWebServerApplicationContext.java:143)
	at org.springframework.boot.SpringApplication.refresh(SpringApplication.java:758)
	at org.springframework.boot.SpringApplication.refresh(SpringApplication.java:750)
	at org.springframework.boot.SpringApplication.refreshContext(SpringApplication.java:397)
	at org.springframework.boot.SpringApplication.run(SpringApplication.java:315)
	at org.springframework.boot.SpringApplication.run(SpringApplication.java:1237)
	at org.springframework.boot.SpringApplication.run(SpringApplication.java:1226)
	at com.jason.blog.BlogApplication.main(BlogApplication.java:10)
	at sun.reflect.NativeMethodAccessorImpl.invoke0(Native Method)
	at sun.reflect.NativeMethodAccessorImpl.invoke(NativeMethodAccessorImpl.java:62)
	at sun.reflect.DelegatingMethodAccessorImpl.invoke(DelegatingMethodAccessorImpl.java:43)
	at java.lang.reflect.Method.invoke(Method.java:498)
	at org.springframework.boot.devtools.restart.RestartLauncher.run(RestartLauncher.java:49)
Caused by: org.springframework.beans.factory.BeanCreationException: Error creating bean with name 'jpaMappingContext': Invocation of init method failed; nested exception is org.hibernate.service.spi.ServiceException: Unable to create requested service [org.hibernate.engine.jdbc.env.spi.JdbcEnvironment]
	at org.springframework.beans.factory.support.AbstractAutowireCapableBeanFactory.initializeBean(AbstractAutowireCapableBeanFactory.java:1796)
	at org.springframework.beans.factory.support.AbstractAutowireCapableBeanFactory.doCreateBean(AbstractAutowireCapableBeanFactory.java:595)
	at org.springframework.beans.factory.support.AbstractAutowireCapableBeanFactory.createBean(AbstractAutowireCapableBeanFactory.java:517)
	at org.springframework.beans.factory.support.AbstractBeanFactory.lambda$doGetBean$0(AbstractBeanFactory.java:323)
	at org.springframework.beans.factory.support.DefaultSingletonBeanRegistry.getSingleton(DefaultSingletonBeanRegistry.java:226)
	at org.springframework.beans.factory.support.AbstractBeanFactory.doGetBean(AbstractBeanFactory.java:321)
	at org.springframework.beans.factory.support.AbstractBeanFactory.getBean(AbstractBeanFactory.java:202)
	at org.springframework.beans.factory.support.BeanDefinitionValueResolver.resolveReference(BeanDefinitionValueResolver.java:330)
	... 33 common frames omitted
Caused by: org.hibernate.service.spi.ServiceException: Unable to create requested service [org.hibernate.engine.jdbc.env.spi.JdbcEnvironment]
	at org.hibernate.service.internal.AbstractServiceRegistryImpl.createService(AbstractServiceRegistryImpl.java:275)
	at org.hibernate.service.internal.AbstractServiceRegistryImpl.initializeService(AbstractServiceRegistryImpl.java:237)
	at org.hibernate.service.internal.AbstractServiceRegistryImpl.getService(AbstractServiceRegistryImpl.java:214)
	at org.hibernate.id.factory.internal.DefaultIdentifierGeneratorFactory.injectServices(DefaultIdentifierGeneratorFactory.java:152)
	at org.hibernate.service.internal.AbstractServiceRegistryImpl.injectDependencies(AbstractServiceRegistryImpl.java:286)
	at org.hibernate.service.internal.AbstractServiceRegistryImpl.initializeService(AbstractServiceRegistryImpl.java:243)
	at org.hibernate.service.internal.AbstractServiceRegistryImpl.getService(AbstractServiceRegistryImpl.java:214)
	at org.hibernate.boot.internal.InFlightMetadataCollectorImpl.<init>(InFlightMetadataCollectorImpl.java:176)
	at org.hibernate.boot.model.process.spi.MetadataBuildingProcess.complete(MetadataBuildingProcess.java:118)
	at org.hibernate.jpa.boot.internal.EntityManagerFactoryBuilderImpl.metadata(EntityManagerFactoryBuilderImpl.java:1224)
	at org.hibernate.jpa.boot.internal.EntityManagerFactoryBuilderImpl.build(EntityManagerFactoryBuilderImpl.java:1255)
	at org.springframework.orm.jpa.vendor.SpringHibernateJpaPersistenceProvider.createContainerEntityManagerFactory(SpringHibernateJpaPersistenceProvider.java:58)
	at org.springframework.orm.jpa.LocalContainerEntityManagerFactoryBean.createNativeEntityManagerFactory(LocalContainerEntityManagerFactoryBean.java:365)
	at org.springframework.orm.jpa.AbstractEntityManagerFactoryBean.buildNativeEntityManagerFactory(AbstractEntityManagerFactoryBean.java:391)
	at java.util.concurrent.FutureTask.run(FutureTask.java:266)
	at java.util.concurrent.ThreadPoolExecutor.runWorker(ThreadPoolExecutor.java:1149)
	at java.util.concurrent.ThreadPoolExecutor$Worker.run(ThreadPoolExecutor.java:624)
	at java.lang.Thread.run(Thread.java:748)
Caused by: org.hibernate.HibernateException: Access to DialectResolutionInfo cannot be null when 'hibernate.dialect' not set
	at org.hibernate.engine.jdbc.dialect.internal.DialectFactoryImpl.determineDialect(DialectFactoryImpl.java:100)
	at org.hibernate.engine.jdbc.dialect.internal.DialectFactoryImpl.buildDialect(DialectFactoryImpl.java:54)
	at org.hibernate.engine.jdbc.env.internal.JdbcEnvironmentInitiator.initiateService(JdbcEnvironmentInitiator.java:137)
	at org.hibernate.engine.jdbc.env.internal.JdbcEnvironmentInitiator.initiateService(JdbcEnvironmentInitiator.java:35)
	at org.hibernate.boot.registry.internal.StandardServiceRegistryImpl.initiateService(StandardServiceRegistryImpl.java:101)
	at org.hibernate.service.internal.AbstractServiceRegistryImpl.createService(AbstractServiceRegistryImpl.java:263)
	... 17 common frames omitted

2020-08-20 17:32:56.877  INFO 66478 --- [restartedMain] com.jason.blog.BlogApplication           : Starting BlogApplication on Jiashis-MacBook-Pro.local with PID 66478 (/Users/jiashichen/IdeaProjects/blog-spring-boot/target/classes started by jiashichen in /Users/jiashichen/IdeaProjects/blog-spring-boot)
2020-08-20 17:32:56.879  INFO 66478 --- [restartedMain] com.jason.blog.BlogApplication           : The following profiles are active: pro
2020-08-20 17:32:58.241  WARN 66478 --- [restartedMain] JpaBaseConfiguration$JpaWebConfiguration : spring.jpa.open-in-view is enabled by default. Therefore, database queries may be performed during view rendering. Explicitly configure spring.jpa.open-in-view to disable this warning
2020-08-20 17:32:58.293  WARN 66478 --- [task-1] com.zaxxer.hikari.util.DriverDataSource  : Registered driver with driverClassName=com.mysql.jdbc.Driver was not found, trying direct instantiation.
2020-08-20 17:33:04.096  INFO 66478 --- [restartedMain] com.jason.blog.BlogApplication           : Started BlogApplication in 7.522 seconds (JVM running for 7.946)
2020-08-20 17:34:50.541  INFO 66478 --- [http-nio-8081-exec-1] com.jason.blog.aspect.LogAspect          : Request : {url='http://localhost:8081/', ip='0:0:0:0:0:0:0:1', classMethod='com.jason.blog.web.IndexController.index', args=[Page request [number: 0, size 8, sort: updateTime: DESC], {}]}
2020-08-20 17:34:50.566  WARN 66478 --- [http-nio-8081-exec-1] com.zaxxer.hikari.pool.PoolBase          : HikariPool-1 - Failed to validate connection com.mysql.cj.jdbc.ConnectionImpl@1f7a2c9c (No operations allowed after connection closed.). Possibly consider using a shorter maxLifetime value.
2020-08-20 17:34:50.567  WARN 66478 --- [http-nio-8081-exec-1] com.zaxxer.hikari.pool.PoolBase          : HikariPool-1 - Failed to validate connection com.mysql.cj.jdbc.ConnectionImpl@787f53d4 (No operations allowed after connection closed.). Possibly consider using a shorter maxLifetime value.
2020-08-20 17:34:50.569  WARN 66478 --- [http-nio-8081-exec-1] com.zaxxer.hikari.pool.PoolBase          : HikariPool-1 - Failed to validate connection com.mysql.cj.jdbc.ConnectionImpl@362f9e8b (No operations allowed after connection closed.). Possibly consider using a shorter maxLifetime value.
2020-08-20 17:34:50.570  WARN 66478 --- [http-nio-8081-exec-1] com.zaxxer.hikari.pool.PoolBase          : HikariPool-1 - Failed to validate connection com.mysql.cj.jdbc.ConnectionImpl@6049619c (No operations allowed after connection closed.). Possibly consider using a shorter maxLifetime value.
2020-08-20 17:34:50.572  WARN 66478 --- [http-nio-8081-exec-1] com.zaxxer.hikari.pool.PoolBase          : HikariPool-1 - Failed to validate connection com.mysql.cj.jdbc.ConnectionImpl@19a1e80c (No operations allowed after connection closed.). Possibly consider using a shorter maxLifetime value.
2020-08-20 17:34:50.573  WARN 66478 --- [http-nio-8081-exec-1] com.zaxxer.hikari.pool.PoolBase          : HikariPool-1 - Failed to validate connection com.mysql.cj.jdbc.ConnectionImpl@1b42f91f (No operations allowed after connection closed.). Possibly consider using a shorter maxLifetime value.
2020-08-20 17:34:50.575  WARN 66478 --- [http-nio-8081-exec-1] com.zaxxer.hikari.pool.PoolBase          : HikariPool-1 - Failed to validate connection com.mysql.cj.jdbc.ConnectionImpl@5153e73a (No operations allowed after connection closed.). Possibly consider using a shorter maxLifetime value.
2020-08-20 17:34:50.576  WARN 66478 --- [http-nio-8081-exec-1] com.zaxxer.hikari.pool.PoolBase          : HikariPool-1 - Failed to validate connection com.mysql.cj.jdbc.ConnectionImpl@7a3d390d (No operations allowed after connection closed.). Possibly consider using a shorter maxLifetime value.
2020-08-20 17:34:50.577  WARN 66478 --- [http-nio-8081-exec-1] com.zaxxer.hikari.pool.PoolBase          : HikariPool-1 - Failed to validate connection com.mysql.cj.jdbc.ConnectionImpl@6cca4fce (No operations allowed after connection closed.). Possibly consider using a shorter maxLifetime value.
2020-08-20 17:34:50.578  WARN 66478 --- [http-nio-8081-exec-1] com.zaxxer.hikari.pool.PoolBase          : HikariPool-1 - Failed to validate connection com.mysql.cj.jdbc.ConnectionImpl@604cd949 (No operations allowed after connection closed.). Possibly consider using a shorter maxLifetime value.
2020-08-20 17:34:52.779  WARN 66478 --- [http-nio-8081-exec-1] org.hibernate.orm.deprecation            : HHH90000016: Found use of deprecated 'collection property' syntax in HQL/JPQL query [t.blogs.size]; use collection function syntax instead [size(t.blogs)].
2020-08-20 17:34:52.872  WARN 66478 --- [http-nio-8081-exec-1] org.hibernate.orm.deprecation            : HHH90000016: Found use of deprecated 'collection property' syntax in HQL/JPQL query [t.blogs.size]; use collection function syntax instead [size(t.blogs)].
2020-08-20 17:34:53.039  INFO 66478 --- [http-nio-8081-exec-1] com.jason.blog.aspect.LogAspect          : Result: index
2020-08-20 17:34:53.814  INFO 66478 --- [http-nio-8081-exec-4] com.jason.blog.aspect.LogAspect          : Request : {url='http://localhost:8081/footer/newblog', ip='0:0:0:0:0:0:0:1', classMethod='com.jason.blog.web.IndexController.newblogs', args=[{}]}
2020-08-20 17:34:53.896  INFO 66478 --- [http-nio-8081-exec-4] com.jason.blog.aspect.LogAspect          : Result: _fragments :: newblogList
2020-08-20 17:34:57.480  INFO 66478 --- [http-nio-8081-exec-2] com.jason.blog.aspect.LogAspect          : Request : {url='http://localhost:8081/types/-1', ip='0:0:0:0:0:0:0:1', classMethod='com.jason.blog.web.TypeShowController.types', args=[Page request [number: 0, size 8, sort: updateTime: DESC], -1, {}]}
2020-08-20 17:34:57.661 ERROR 66478 --- [http-nio-8081-exec-2] c.j.b.h.ControllerExceptionHandler       : Requst URL : http://localhost:8081/types/-1，Exception : {}

java.lang.IndexOutOfBoundsException: Index: 0, Size: 0
	at java.util.ArrayList.rangeCheck(ArrayList.java:657)
	at java.util.ArrayList.get(ArrayList.java:433)
	at com.jason.blog.web.TypeShowController.types(TypeShowController.java:32)
	at com.jason.blog.web.TypeShowController$$FastClassBySpringCGLIB$$23595979.invoke(<generated>)
	at org.springframework.cglib.proxy.MethodProxy.invoke(MethodProxy.java:218)
	at org.springframework.aop.framework.CglibAopProxy$CglibMethodInvocation.invokeJoinpoint(CglibAopProxy.java:771)
	at org.springframework.aop.framework.ReflectiveMethodInvocation.proceed(ReflectiveMethodInvocation.java:163)
	at org.springframework.aop.framework.CglibAopProxy$CglibMethodInvocation.proceed(CglibAopProxy.java:749)
	at org.springframework.aop.framework.adapter.AfterReturningAdviceInterceptor.invoke(AfterReturningAdviceInterceptor.java:55)
	at org.springframework.aop.framework.ReflectiveMethodInvocation.proceed(ReflectiveMethodInvocation.java:186)
	at org.springframework.aop.framework.CglibAopProxy$CglibMethodInvocation.proceed(CglibAopProxy.java:749)
	at org.springframework.aop.aspectj.AspectJAfterAdvice.invoke(AspectJAfterAdvice.java:47)
	at org.springframework.aop.framework.ReflectiveMethodInvocation.proceed(ReflectiveMethodInvocation.java:186)
	at org.springframework.aop.framework.CglibAopProxy$CglibMethodInvocation.proceed(CglibAopProxy.java:749)
	at org.springframework.aop.framework.adapter.MethodBeforeAdviceInterceptor.invoke(MethodBeforeAdviceInterceptor.java:56)
	at org.springframework.aop.framework.ReflectiveMethodInvocation.proceed(ReflectiveMethodInvocation.java:186)
	at org.springframework.aop.framework.CglibAopProxy$CglibMethodInvocation.proceed(CglibAopProxy.java:749)
	at org.springframework.aop.interceptor.ExposeInvocationInterceptor.invoke(ExposeInvocationInterceptor.java:95)
	at org.springframework.aop.framework.ReflectiveMethodInvocation.proceed(ReflectiveMethodInvocation.java:186)
	at org.springframework.aop.framework.CglibAopProxy$CglibMethodInvocation.proceed(CglibAopProxy.java:749)
	at org.springframework.aop.framework.CglibAopProxy$DynamicAdvisedInterceptor.intercept(CglibAopProxy.java:691)
	at com.jason.blog.web.TypeShowController$$EnhancerBySpringCGLIB$$dbdc145a.types(<generated>)
	at sun.reflect.NativeMethodAccessorImpl.invoke0(Native Method)
	at sun.reflect.NativeMethodAccessorImpl.invoke(NativeMethodAccessorImpl.java:62)
	at sun.reflect.DelegatingMethodAccessorImpl.invoke(DelegatingMethodAccessorImpl.java:43)
	at java.lang.reflect.Method.invoke(Method.java:498)
	at org.springframework.web.method.support.InvocableHandlerMethod.doInvoke(InvocableHandlerMethod.java:190)
	at org.springframework.web.method.support.InvocableHandlerMethod.invokeForRequest(InvocableHandlerMethod.java:138)
	at org.springframework.web.servlet.mvc.method.annotation.ServletInvocableHandlerMethod.invokeAndHandle(ServletInvocableHandlerMethod.java:105)
	at org.springframework.web.servlet.mvc.method.annotation.RequestMappingHandlerAdapter.invokeHandlerMethod(RequestMappingHandlerAdapter.java:879)
	at org.springframework.web.servlet.mvc.method.annotation.RequestMappingHandlerAdapter.handleInternal(RequestMappingHandlerAdapter.java:793)
	at org.springframework.web.servlet.mvc.method.AbstractHandlerMethodAdapter.handle(AbstractHandlerMethodAdapter.java:87)
	at org.springframework.web.servlet.DispatcherServlet.doDispatch(DispatcherServlet.java:1040)
	at org.springframework.web.servlet.DispatcherServlet.doService(DispatcherServlet.java:943)
	at org.springframework.web.servlet.FrameworkServlet.processRequest(FrameworkServlet.java:1006)
	at org.springframework.web.servlet.FrameworkServlet.doGet(FrameworkServlet.java:898)
	at javax.servlet.http.HttpServlet.service(HttpServlet.java:634)
	at org.springframework.web.servlet.FrameworkServlet.service(FrameworkServlet.java:883)
	at javax.servlet.http.HttpServlet.service(HttpServlet.java:741)
	at org.apache.catalina.core.ApplicationFilterChain.internalDoFilter(ApplicationFilterChain.java:231)
	at org.apache.catalina.core.ApplicationFilterChain.doFilter(ApplicationFilterChain.java:166)
	at org.apache.tomcat.websocket.server.WsFilter.doFilter(WsFilter.java:53)
	at org.apache.catalina.core.ApplicationFilterChain.internalDoFilter(ApplicationFilterChain.java:193)
	at org.apache.catalina.core.ApplicationFilterChain.doFilter(ApplicationFilterChain.java:166)
	at org.springframework.web.filter.RequestContextFilter.doFilterInternal(RequestContextFilter.java:100)
	at org.springframework.web.filter.OncePerRequestFilter.doFilter(OncePerRequestFilter.java:119)
	at org.apache.catalina.core.ApplicationFilterChain.internalDoFilter(ApplicationFilterChain.java:193)
	at org.apache.catalina.core.ApplicationFilterChain.doFilter(ApplicationFilterChain.java:166)
	at org.springframework.web.filter.FormContentFilter.doFilterInternal(FormContentFilter.java:93)
	at org.springframework.web.filter.OncePerRequestFilter.doFilter(OncePerRequestFilter.java:119)
	at org.apache.catalina.core.ApplicationFilterChain.internalDoFilter(ApplicationFilterChain.java:193)
	at org.apache.catalina.core.ApplicationFilterChain.doFilter(ApplicationFilterChain.java:166)
	at org.springframework.web.filter.CharacterEncodingFilter.doFilterInternal(CharacterEncodingFilter.java:201)
	at org.springframework.web.filter.OncePerRequestFilter.doFilter(OncePerRequestFilter.java:119)
	at org.apache.catalina.core.ApplicationFilterChain.internalDoFilter(ApplicationFilterChain.java:193)
	at org.apache.catalina.core.ApplicationFilterChain.doFilter(ApplicationFilterChain.java:166)
	at org.apache.catalina.core.StandardWrapperValve.invoke(StandardWrapperValve.java:202)
	at org.apache.catalina.core.StandardContextValve.invoke(StandardContextValve.java:96)
	at org.apache.catalina.authenticator.AuthenticatorBase.invoke(AuthenticatorBase.java:541)
	at org.apache.catalina.core.StandardHostValve.invoke(StandardHostValve.java:139)
	at org.apache.catalina.valves.ErrorReportValve.invoke(ErrorReportValve.java:92)
	at org.apache.catalina.core.StandardEngineValve.invoke(StandardEngineValve.java:74)
	at org.apache.catalina.connector.CoyoteAdapter.service(CoyoteAdapter.java:343)
	at org.apache.coyote.http11.Http11Processor.service(Http11Processor.java:373)
	at org.apache.coyote.AbstractProcessorLight.process(AbstractProcessorLight.java:65)
	at org.apache.coyote.AbstractProtocol$ConnectionHandler.process(AbstractProtocol.java:868)
	at org.apache.tomcat.util.net.NioEndpoint$SocketProcessor.doRun(NioEndpoint.java:1590)
	at org.apache.tomcat.util.net.SocketProcessorBase.run(SocketProcessorBase.java:49)
	at java.util.concurrent.ThreadPoolExecutor.runWorker(ThreadPoolExecutor.java:1149)
	at java.util.concurrent.ThreadPoolExecutor$Worker.run(ThreadPoolExecutor.java:624)
	at org.apache.tomcat.util.threads.TaskThread$WrappingRunnable.run(TaskThread.java:61)
	at java.lang.Thread.run(Thread.java:748)

2020-08-20 17:34:57.663  WARN 66478 --- [http-nio-8081-exec-2] .m.m.a.ExceptionHandlerExceptionResolver : Resolved [java.lang.IndexOutOfBoundsException: Index: 0, Size: 0]
2020-08-20 17:36:26.501  INFO 66478 --- [http-nio-8081-exec-5] com.jason.blog.aspect.LogAspect          : Request : {url='http://localhost:8081/', ip='0:0:0:0:0:0:0:1', classMethod='com.jason.blog.web.IndexController.index', args=[Page request [number: 0, size 8, sort: updateTime: DESC], {}]}
2020-08-20 17:36:26.503  WARN 66478 --- [http-nio-8081-exec-5] com.zaxxer.hikari.pool.PoolBase          : HikariPool-1 - Failed to validate connection com.mysql.cj.jdbc.ConnectionImpl@3e37aefe (No operations allowed after connection closed.). Possibly consider using a shorter maxLifetime value.
2020-08-20 17:36:26.504  WARN 66478 --- [http-nio-8081-exec-5] com.zaxxer.hikari.pool.PoolBase          : HikariPool-1 - Failed to validate connection com.mysql.cj.jdbc.ConnectionImpl@15b945ed (No operations allowed after connection closed.). Possibly consider using a shorter maxLifetime value.
2020-08-20 17:36:26.506  WARN 66478 --- [http-nio-8081-exec-5] com.zaxxer.hikari.pool.PoolBase          : HikariPool-1 - Failed to validate connection com.mysql.cj.jdbc.ConnectionImpl@3e0d6455 (No operations allowed after connection closed.). Possibly consider using a shorter maxLifetime value.
2020-08-20 17:36:26.507  WARN 66478 --- [http-nio-8081-exec-5] com.zaxxer.hikari.pool.PoolBase          : HikariPool-1 - Failed to validate connection com.mysql.cj.jdbc.ConnectionImpl@3dce6d34 (No operations allowed after connection closed.). Possibly consider using a shorter maxLifetime value.
2020-08-20 17:36:26.508  WARN 66478 --- [http-nio-8081-exec-5] com.zaxxer.hikari.pool.PoolBase          : HikariPool-1 - Failed to validate connection com.mysql.cj.jdbc.ConnectionImpl@368a955e (No operations allowed after connection closed.). Possibly consider using a shorter maxLifetime value.
2020-08-20 17:36:26.510  WARN 66478 --- [http-nio-8081-exec-5] com.zaxxer.hikari.pool.PoolBase          : HikariPool-1 - Failed to validate connection com.mysql.cj.jdbc.ConnectionImpl@3cb9c6fe (No operations allowed after connection closed.). Possibly consider using a shorter maxLifetime value.
2020-08-20 17:36:26.511  WARN 66478 --- [http-nio-8081-exec-5] com.zaxxer.hikari.pool.PoolBase          : HikariPool-1 - Failed to validate connection com.mysql.cj.jdbc.ConnectionImpl@7250bb90 (No operations allowed after connection closed.). Possibly consider using a shorter maxLifetime value.
2020-08-20 17:36:26.512  WARN 66478 --- [http-nio-8081-exec-5] com.zaxxer.hikari.pool.PoolBase          : HikariPool-1 - Failed to validate connection com.mysql.cj.jdbc.ConnectionImpl@1012e0e1 (No operations allowed after connection closed.). Possibly consider using a shorter maxLifetime value.
2020-08-20 17:36:27.357  INFO 66478 --- [http-nio-8081-exec-5] com.jason.blog.aspect.LogAspect          : Result: index
2020-08-20 17:36:27.404  INFO 66478 --- [http-nio-8081-exec-3] com.jason.blog.aspect.LogAspect          : Request : {url='http://localhost:8081/types/-1', ip='0:0:0:0:0:0:0:1', classMethod='com.jason.blog.web.TypeShowController.types', args=[Page request [number: 0, size 8, sort: updateTime: DESC], -1, {}]}
2020-08-20 17:36:27.914  INFO 66478 --- [http-nio-8081-exec-3] com.jason.blog.aspect.LogAspect          : Result: types
2020-08-20 17:36:28.333  INFO 66478 --- [http-nio-8081-exec-9] com.jason.blog.aspect.LogAspect          : Request : {url='http://localhost:8081/footer/newblog', ip='0:0:0:0:0:0:0:1', classMethod='com.jason.blog.web.IndexController.newblogs', args=[{}]}
2020-08-20 17:36:28.491  INFO 66478 --- [http-nio-8081-exec-9] com.jason.blog.aspect.LogAspect          : Result: _fragments :: newblogList
2020-08-20 17:36:29.000  INFO 66478 --- [http-nio-8081-exec-1] com.jason.blog.aspect.LogAspect          : Request : {url='http://localhost:8081/tags/-1', ip='0:0:0:0:0:0:0:1', classMethod='com.jason.blog.web.TagShowController.tags', args=[Page request [number: 0, size 8, sort: updateTime: DESC], -1, {}]}
2020-08-20 17:36:29.487  INFO 66478 --- [http-nio-8081-exec-1] com.jason.blog.aspect.LogAspect          : Result: tags
2020-08-20 17:36:29.824  INFO 66478 --- [http-nio-8081-exec-6] com.jason.blog.aspect.LogAspect          : Request : {url='http://localhost:8081/footer/newblog', ip='0:0:0:0:0:0:0:1', classMethod='com.jason.blog.web.IndexController.newblogs', args=[{}]}
2020-08-20 17:36:29.912  INFO 66478 --- [http-nio-8081-exec-6] com.jason.blog.aspect.LogAspect          : Result: _fragments :: newblogList
2020-08-20 17:36:30.355  INFO 66478 --- [http-nio-8081-exec-8] com.jason.blog.aspect.LogAspect          : Request : {url='http://localhost:8081/archives', ip='0:0:0:0:0:0:0:1', classMethod='com.jason.blog.web.ArchiveShowController.archives', args=[{}]}
2020-08-20 17:36:30.841  INFO 66478 --- [http-nio-8081-exec-8] com.jason.blog.aspect.LogAspect          : Result: archives
2020-08-20 17:36:31.098  INFO 66478 --- [http-nio-8081-exec-3] com.jason.blog.aspect.LogAspect          : Request : {url='http://localhost:8081/footer/newblog', ip='0:0:0:0:0:0:0:1', classMethod='com.jason.blog.web.IndexController.newblogs', args=[{}]}
2020-08-20 17:36:31.262  INFO 66478 --- [http-nio-8081-exec-3] com.jason.blog.aspect.LogAspect          : Result: _fragments :: newblogList
2020-08-20 17:36:31.710  INFO 66478 --- [http-nio-8081-exec-2] com.jason.blog.aspect.LogAspect          : Request : {url='http://localhost:8081/about', ip='0:0:0:0:0:0:0:1', classMethod='com.jason.blog.web.AboutShowController.about', args=[]}
2020-08-20 17:36:31.711  INFO 66478 --- [http-nio-8081-exec-2] com.jason.blog.aspect.LogAspect          : Result: about
2020-08-20 17:36:31.996  INFO 66478 --- [http-nio-8081-exec-7] com.jason.blog.aspect.LogAspect          : Request : {url='http://localhost:8081/footer/newblog', ip='0:0:0:0:0:0:0:1', classMethod='com.jason.blog.web.IndexController.newblogs', args=[{}]}
2020-08-20 17:36:32.159  INFO 66478 --- [http-nio-8081-exec-7] com.jason.blog.aspect.LogAspect          : Result: _fragments :: newblogList
2020-08-20 17:36:33.924  INFO 66478 --- [http-nio-8081-exec-9] com.jason.blog.aspect.LogAspect          : Request : {url='http://localhost:8081/archives', ip='0:0:0:0:0:0:0:1', classMethod='com.jason.blog.web.ArchiveShowController.archives', args=[{}]}
2020-08-20 17:36:34.414  INFO 66478 --- [http-nio-8081-exec-9] com.jason.blog.aspect.LogAspect          : Result: archives
2020-08-20 17:36:34.666  INFO 66478 --- [http-nio-8081-exec-6] com.jason.blog.aspect.LogAspect          : Request : {url='http://localhost:8081/footer/newblog', ip='0:0:0:0:0:0:0:1', classMethod='com.jason.blog.web.IndexController.newblogs', args=[{}]}
2020-08-20 17:36:34.756  INFO 66478 --- [http-nio-8081-exec-6] com.jason.blog.aspect.LogAspect          : Result: _fragments :: newblogList
2020-08-20 17:36:34.803  INFO 66478 --- [http-nio-8081-exec-1] com.jason.blog.aspect.LogAspect          : Request : {url='http://localhost:8081/tags/-1', ip='0:0:0:0:0:0:0:1', classMethod='com.jason.blog.web.TagShowController.tags', args=[Page request [number: 0, size 8, sort: updateTime: DESC], -1, {}]}
2020-08-20 17:36:35.205  INFO 66478 --- [http-nio-8081-exec-1] com.jason.blog.aspect.LogAspect          : Result: tags
2020-08-20 17:36:35.548  INFO 66478 --- [http-nio-8081-exec-4] com.jason.blog.aspect.LogAspect          : Request : {url='http://localhost:8081/footer/newblog', ip='0:0:0:0:0:0:0:1', classMethod='com.jason.blog.web.IndexController.newblogs', args=[{}]}
2020-08-20 17:36:35.627  INFO 66478 --- [http-nio-8081-exec-4] com.jason.blog.aspect.LogAspect          : Result: _fragments :: newblogList
2020-08-20 17:36:36.638  INFO 66478 --- [http-nio-8081-exec-10] com.jason.blog.aspect.LogAspect          : Request : {url='http://localhost:8081/types/-1', ip='0:0:0:0:0:0:0:1', classMethod='com.jason.blog.web.TypeShowController.types', args=[Page request [number: 0, size 8, sort: updateTime: DESC], -1, {}]}
2020-08-20 17:36:37.279  INFO 66478 --- [http-nio-8081-exec-10] com.jason.blog.aspect.LogAspect          : Result: types
2020-08-20 17:36:37.611  INFO 66478 --- [http-nio-8081-exec-5] com.jason.blog.aspect.LogAspect          : Request : {url='http://localhost:8081/footer/newblog', ip='0:0:0:0:0:0:0:1', classMethod='com.jason.blog.web.IndexController.newblogs', args=[{}]}
2020-08-20 17:36:37.708  INFO 66478 --- [http-nio-8081-exec-5] com.jason.blog.aspect.LogAspect          : Result: _fragments :: newblogList
2020-08-20 17:36:37.864  INFO 66478 --- [http-nio-8081-exec-2] com.jason.blog.aspect.LogAspect          : Request : {url='http://localhost:8081/', ip='0:0:0:0:0:0:0:1', classMethod='com.jason.blog.web.IndexController.index', args=[Page request [number: 0, size 8, sort: updateTime: DESC], {}]}
2020-08-20 17:36:38.423  INFO 66478 --- [http-nio-8081-exec-2] com.jason.blog.aspect.LogAspect          : Result: index
2020-08-20 17:36:38.849  INFO 66478 --- [http-nio-8081-exec-9] com.jason.blog.aspect.LogAspect          : Request : {url='http://localhost:8081/footer/newblog', ip='0:0:0:0:0:0:0:1', classMethod='com.jason.blog.web.IndexController.newblogs', args=[{}]}
2020-08-20 17:36:38.927  INFO 66478 --- [http-nio-8081-exec-9] com.jason.blog.aspect.LogAspect          : Result: _fragments :: newblogList
2020-08-20 17:43:24.309  WARN 66478 --- [http-nio-8081-exec-8] com.zaxxer.hikari.pool.PoolBase          : HikariPool-1 - Failed to validate connection com.mysql.cj.jdbc.ConnectionImpl@3de35b81 (No operations allowed after connection closed.). Possibly consider using a shorter maxLifetime value.
2020-08-20 17:43:24.310  WARN 66478 --- [http-nio-8081-exec-8] com.zaxxer.hikari.pool.PoolBase          : HikariPool-1 - Failed to validate connection com.mysql.cj.jdbc.ConnectionImpl@32085fd4 (No operations allowed after connection closed.). Possibly consider using a shorter maxLifetime value.
2020-08-20 17:43:24.311  WARN 66478 --- [http-nio-8081-exec-8] com.zaxxer.hikari.pool.PoolBase          : HikariPool-1 - Failed to validate connection com.mysql.cj.jdbc.ConnectionImpl@1e6bca1e (No operations allowed after connection closed.). Possibly consider using a shorter maxLifetime value.
2020-08-20 17:43:24.313  WARN 66478 --- [http-nio-8081-exec-8] com.zaxxer.hikari.pool.PoolBase          : HikariPool-1 - Failed to validate connection com.mysql.cj.jdbc.ConnectionImpl@39f3a501 (No operations allowed after connection closed.). Possibly consider using a shorter maxLifetime value.
2020-08-20 17:43:24.313  WARN 66478 --- [http-nio-8081-exec-8] com.zaxxer.hikari.pool.PoolBase          : HikariPool-1 - Failed to validate connection com.mysql.cj.jdbc.ConnectionImpl@21ed7e04 (No operations allowed after connection closed.). Possibly consider using a shorter maxLifetime value.
2020-08-20 17:43:24.314  WARN 66478 --- [http-nio-8081-exec-8] com.zaxxer.hikari.pool.PoolBase          : HikariPool-1 - Failed to validate connection com.mysql.cj.jdbc.ConnectionImpl@516b7312 (No operations allowed after connection closed.). Possibly consider using a shorter maxLifetime value.
2020-08-20 17:43:24.314  WARN 66478 --- [http-nio-8081-exec-8] com.zaxxer.hikari.pool.PoolBase          : HikariPool-1 - Failed to validate connection com.mysql.cj.jdbc.ConnectionImpl@1110781b (No operations allowed after connection closed.). Possibly consider using a shorter maxLifetime value.
2020-08-20 17:43:24.315  WARN 66478 --- [http-nio-8081-exec-8] com.zaxxer.hikari.pool.PoolBase          : HikariPool-1 - Failed to validate connection com.mysql.cj.jdbc.ConnectionImpl@35ef0c95 (No operations allowed after connection closed.). Possibly consider using a shorter maxLifetime value.
2020-08-20 17:43:24.316  WARN 66478 --- [http-nio-8081-exec-8] com.zaxxer.hikari.pool.PoolBase          : HikariPool-1 - Failed to validate connection com.mysql.cj.jdbc.ConnectionImpl@7fb84972 (No operations allowed after connection closed.). Possibly consider using a shorter maxLifetime value.
2020-08-20 17:43:24.316  WARN 66478 --- [http-nio-8081-exec-8] com.zaxxer.hikari.pool.PoolBase          : HikariPool-1 - Failed to validate connection com.mysql.cj.jdbc.ConnectionImpl@75415674 (No operations allowed after connection closed.). Possibly consider using a shorter maxLifetime value.
2020-08-20 17:43:25.480  INFO 66478 --- [http-nio-8081-exec-8] com.jason.blog.aspect.LogAspect          : Request : {url='http://localhost:8081/footer/newblog', ip='0:0:0:0:0:0:0:1', classMethod='com.jason.blog.web.IndexController.newblogs', args=[{}]}
2020-08-20 17:43:25.561  INFO 66478 --- [http-nio-8081-exec-8] com.jason.blog.aspect.LogAspect          : Result: _fragments :: newblogList
2020-08-20 17:43:30.518  INFO 66478 --- [http-nio-8081-exec-2] com.jason.blog.aspect.LogAspect          : Request : {url='http://localhost:8081/footer/newblog', ip='0:0:0:0:0:0:0:1', classMethod='com.jason.blog.web.IndexController.newblogs', args=[{}]}
2020-08-20 17:43:30.597  INFO 66478 --- [http-nio-8081-exec-2] com.jason.blog.aspect.LogAspect          : Result: _fragments :: newblogList
2020-08-20 17:43:31.916  INFO 66478 --- [http-nio-8081-exec-8] com.jason.blog.aspect.LogAspect          : Request : {url='http://localhost:8081/footer/newblog', ip='0:0:0:0:0:0:0:1', classMethod='com.jason.blog.web.IndexController.newblogs', args=[{}]}
2020-08-20 17:43:31.997  INFO 66478 --- [http-nio-8081-exec-8] com.jason.blog.aspect.LogAspect          : Result: _fragments :: newblogList
2020-08-20 17:43:33.154  INFO 66478 --- [http-nio-8081-exec-5] com.jason.blog.aspect.LogAspect          : Request : {url='http://localhost:8081/footer/newblog', ip='0:0:0:0:0:0:0:1', classMethod='com.jason.blog.web.IndexController.newblogs', args=[{}]}
2020-08-20 17:43:33.234  INFO 66478 --- [http-nio-8081-exec-5] com.jason.blog.aspect.LogAspect          : Result: _fragments :: newblogList
2020-08-20 17:43:34.784  INFO 66478 --- [http-nio-8081-exec-4] com.jason.blog.aspect.LogAspect          : Request : {url='http://localhost:8081/footer/newblog', ip='0:0:0:0:0:0:0:1', classMethod='com.jason.blog.web.IndexController.newblogs', args=[{}]}
2020-08-20 17:43:34.862  INFO 66478 --- [http-nio-8081-exec-4] com.jason.blog.aspect.LogAspect          : Result: _fragments :: newblogList
2020-08-20 17:43:36.240  INFO 66478 --- [http-nio-8081-exec-1] com.jason.blog.aspect.LogAspect          : Request : {url='http://localhost:8081/footer/newblog', ip='0:0:0:0:0:0:0:1', classMethod='com.jason.blog.web.IndexController.newblogs', args=[{}]}
2020-08-20 17:43:36.322  INFO 66478 --- [http-nio-8081-exec-1] com.jason.blog.aspect.LogAspect          : Result: _fragments :: newblogList
